<?xml version="1.0" encoding="UTF-8"?>
<!-- Generated by org.testng.reporters.JUnitReportReporter -->
<testsuite hostname="LAPTOP-EKCAP48F" name="com.test.GmailSignIntest" tests="1" failures="0" timestamp="9 Dec 2017 05:31:55 GMT" time="42.334" errors="0">
  <testcase name="test" time="42.334" classname="com.test.GmailSignIntest"/>
</testsuite> <!-- com.test.GmailSignIntest -->
